{
  "RSpec": {
    "coverage": {
      "/Users/luisherrera/Flatiron/code/tic-tac-toe-rb-nyc-fasttrack-020120/lib/tic_tac_toe.rb": [
        1,
        null,
        null,
        1,
        null,
        null,
        null,
        null,
        null,
        null,
        null,
        null,
        null,
        1,
        24,
        24,
        24,
        24,
        24,
        null,
        null,
        1,
        23,
        null,
        null,
        1,
        22,
        null,
        null,
        1,
        156,
        null,
        null,
        1,
        23,
        null,
        null,
        1,
        210,
        null,
        null,
        1,
        20,
        null,
        null,
        1,
        20,
        20,
        20,
        null,
        20,
        19,
        19,
        null,
        1,
        null,
        null,
        null,
        1,
        66,
        414,
        null,
        null,
        null,
        null,
        null,
        1,
        22,
        null,
        null,
        1,
        23,
        null,
        null,
        1,
        21,
        null,
        null,
        1,
        7,
        null,
        null,
        1,
        12,
        12,
        5,
        7,
        3,
        null,
        null
      ]
    },
    "timestamp": 1652496321
  }
}
